#
# A fatal error has been detected by the Java Runtime Environment:
#
#  SIGSEGV (0xb) at pc=0x00007ff5c25f5876, pid=15891, tid=15892
#
# JRE version: OpenJDK Runtime Environment Temurin-21.0.5+11 (21.0.5+11) (build 21.0.5+11-LTS)
# Java VM: OpenJDK 64-Bit Server VM Temurin-21.0.5+11 (21.0.5+11-LTS, mixed mode, tiered, compressed oops, compressed class ptrs, g1 gc, linux-amd64)
# Problematic frame:
# C  [libc.so.6+0x46876]
#
# Core dump will be written. Default location: core.15891 (may not exist)
#
# If you would like to submit a bug report, please visit:
#   https://github.com/adoptium/adoptium-support/issues
# The crash happened outside the Java Virtual Machine in native code.
# See problematic frame for where to report the bug.
#

---------------  S U M M A R Y ------------

Command Line: -XX:+IgnoreUnrecognizedVMOptions -Dosgi.requiredJavaVersion=17 -Dfile.encoding=UTF-8 --add-opens=java.base/java.io=ALL-UNNAMED --add-opens=java.base/java.lang=ALL-UNNAMED --add-opens=java.base/java.lang.reflect=ALL-UNNAMED --add-opens=java.base/java.net=ALL-UNNAMED --add-opens=java.base/java.nio=ALL-UNNAMED --add-opens=java.base/java.nio.charset=ALL-UNNAMED --add-opens=java.base/java.text=ALL-UNNAMED --add-opens=java.base/java.time=ALL-UNNAMED --add-opens=java.base/java.util=ALL-UNNAMED --add-opens=java.base/java.util.concurrent=ALL-UNNAMED --add-opens=java.base/java.util.concurrent.atomic=ALL-UNNAMED --add-opens=java.base/jdk.internal.vm=ALL-UNNAMED --add-opens=java.base/jdk.internal.misc=ALL-UNNAMED --add-opens=java.base/sun.nio.ch=ALL-UNNAMED --add-opens=java.base/sun.nio.fs=ALL-UNNAMED --add-opens=java.base/sun.security.ssl=ALL-UNNAMED --add-opens=java.base/sun.security.action=ALL-UNNAMED --add-opens=java.base/sun.security.util=ALL-UNNAMED --add-opens=java.security.jgss/sun.security.jgss=ALL-UNNAMED --add-opens=java.security.jgss/sun.security.krb5=ALL-UNNAMED --add-opens=java.desktop/java.awt=ALL-UNNAMED --add-opens=java.desktop/java.awt.peer=ALL-UNNAMED --add-opens=java.sql/java.sql=ALL-UNNAMED -Xms64m -Xmx1024m -Ddbeaver.distribution.type=deb -Duser.home=/home/admin_c75/snap/dbeaver-ce/357 -Dorg.eclipse.swt.browser.DefaultType=webkit -Dorg.eclipse.swt.browser.UseWebKitGTK=true -Ddbeaver.io.tmpdir=/home/admin_c75/Downloads /snap/dbeaver-ce/357/usr/share/dbeaver-ce//plugins/org.jkiss.dbeaver.launcher_1.0.24.202503021833.jar -os linux -ws gtk -arch x86_64 -showsplash -launcher /snap/dbeaver-ce/357/usr/share/dbeaver-ce/dbeaver -name Dbeaver --launcher.library /snap/dbeaver-ce/357/usr/share/dbeaver-ce//plugins/org.eclipse.equinox.launcher.gtk.linux.x86_64_1.2.1200.v20240924-2302/eclipse_11905.so -startup /snap/dbeaver-ce/357/usr/share/dbeaver-ce//plugins/org.jkiss.dbeaver.launcher_1.0.24.202503021833.jar --launcher.overrideVmargs -exitdata 10000 -vm /snap/dbeaver-ce/357/usr/share/dbeaver-ce/jre/bin/java -vmargs -XX:+IgnoreUnrecognizedVMOptions -Dosgi.requiredJavaVersion=17 -Dfile.encoding=UTF-8 --add-opens=java.base/java.io=ALL-UNNAMED --add-opens=java.base/java.lang=ALL-UNNAMED --add-opens=java.base/java.lang.reflect=ALL-UNNAMED --add-opens=java.base/java.net=ALL-UNNAMED --add-opens=java.base/java.nio=ALL-UNNAMED --add-opens=java.base/java.nio.charset=ALL-UNNAMED --add-opens=java.base/java.text=ALL-UNNAMED --add-opens=java.base/java.time=ALL-UNNAMED --add-opens=java.base/java.util=ALL-UNNAMED --add-opens=java.base/java.util.concurrent=ALL-UNNAMED --add-opens=java.base/java.util.concurrent.atomic=ALL-UNNAMED --add-opens=java.base/jdk.internal.vm=ALL-UNNAMED --add-opens=java.base/jdk.internal.misc=ALL-UNNAMED --add-opens=java.base/sun.nio.ch=ALL-UNNAMED --add-opens=java.base/sun.nio.fs=ALL-UNNAMED --add-opens=java.base/sun.security.ssl=ALL-UNNAMED --add-opens=java.base/sun.security.action=ALL-UNNAMED --add-opens=java.base/sun.security.util=ALL-UNNAMED --add-opens=java.security.jgss/sun.security.jgss=ALL-UNNAMED --add-opens=java.security.jgss/sun.security.krb5=ALL-UNNAMED --add-opens=java.desktop/java.awt=ALL-UNNAMED --add-opens=java.desktop/java.awt.peer=ALL-UNNAMED --add-opens=java.sql/java.sql=ALL-UNNAMED -Xms64m -Xmx1024m -Ddbeaver.distribution.type=deb -jar /snap/dbeaver-ce/357/usr/share/dbeaver-ce//plugins/org.jkiss.dbeaver.launcher_1.0.24.202503021833.jar

Host: 12th Gen Intel(R) Core(TM) i9-12900K, 24 cores, 62G, Ubuntu 20.04.6 LTS
Time: Fri Mar 14 11:12:44 2025 +07 elapsed time: 1225.715635 seconds (0d 0h 20m 25s)

---------------  T H R E A D  ---------------

Current thread (0x00007ff5bc02ed90):  JavaThread "main"             [_thread_in_native, id=15892, stack(0x00007ff5c0dd3000,0x00007ff5c0ed4000) (1028K)]

Stack: [0x00007ff5c0dd3000,0x00007ff5c0ed4000],  sp=0x00007ff5c0ed1910,  free space=1018k
Native frames: (J=compiled Java code, j=interpreted, Vv=VM code, C=native code)
C  [libc.so.6+0x46876]
Java frames: (J=compiled Java code, j=interpreted, Vv=VM code)
J 10243  org.eclipse.swt.internal.gtk.OS.g_main_context_check(JIJI)I (0 bytes) @ 0x00007ff5b324f17a [0x00007ff5b324f120+0x000000000000005a]
J 11061 c2 org.eclipse.swt.widgets.Display.sleep()Z (324 bytes) @ 0x00007ff5b3343738 [0x00007ff5b33432e0+0x0000000000000458]
J 10734 c2 org.jkiss.dbeaver.ui.app.standalone.ApplicationWorkbenchAdvisor.eventLoopIdle(Lorg/eclipse/swt/widgets/Display;)V (13 bytes) @ 0x00007ff5b32fc230 [0x00007ff5b32fc1c0+0x0000000000000070]
J 10274% c1 org.eclipse.e4.ui.internal.workbench.swt.PartRenderingEngine$5.run()V (690 bytes) @ 0x00007ff5ac4030d4 [0x00007ff5ac3fde20+0x00000000000052b4]
j  org.eclipse.core.databinding.observable.Realm.runWithDefault(Lorg/eclipse/core/databinding/observable/Realm;Ljava/lang/Runnable;)V+12
j  org.eclipse.e4.ui.internal.workbench.swt.PartRenderingEngine.run(Lorg/eclipse/e4/ui/model/application/MApplicationElement;Lorg/eclipse/e4/core/contexts/IEclipseContext;)Ljava/lang/Object;+57
j  org.eclipse.e4.ui.internal.workbench.E4Workbench.createAndRunUI(Lorg/eclipse/e4/ui/model/application/MApplicationElement;)V+20
j  org.eclipse.ui.internal.Workbench.lambda$3(Lorg/eclipse/swt/widgets/Display;Lorg/eclipse/ui/application/WorkbenchAdvisor;[I)V+396
j  org.eclipse.ui.internal.Workbench$$Lambda+0x000000010042a5d0.run()V+12
j  org.eclipse.core.databinding.observable.Realm.runWithDefault(Lorg/eclipse/core/databinding/observable/Realm;Ljava/lang/Runnable;)V+12
j  org.eclipse.ui.internal.Workbench.createAndRunWorkbench(Lorg/eclipse/swt/widgets/Display;Lorg/eclipse/ui/application/WorkbenchAdvisor;)I+16
j  org.eclipse.ui.PlatformUI.createAndRunWorkbench(Lorg/eclipse/swt/widgets/Display;Lorg/eclipse/ui/application/WorkbenchAdvisor;)I+2
j  org.jkiss.dbeaver.ui.app.standalone.DBeaverApplication.start(Lorg/eclipse/equinox/app/IApplicationContext;)Ljava/lang/Object;+545
j  org.eclipse.equinox.internal.app.EclipseAppHandle.run(Ljava/lang/Object;)Ljava/lang/Object;+138
j  org.eclipse.core.runtime.internal.adaptor.EclipseAppLauncher.runApplication(Ljava/lang/Object;)Ljava/lang/Object;+85
j  org.eclipse.core.runtime.internal.adaptor.EclipseAppLauncher.start(Ljava/lang/Object;)Ljava/lang/Object;+79
j  org.eclipse.core.runtime.adaptor.EclipseStarter.run(Ljava/lang/Object;)Ljava/lang/Object;+99
j  org.eclipse.core.runtime.adaptor.EclipseStarter.run([Ljava/lang/String;Ljava/lang/Runnable;)Ljava/lang/Object;+132
J 487 c1 java.lang.invoke.DirectMethodHandle$Holder.invokeStatic(Ljava/lang/Object;Ljava/lang/Object;Ljava/lang/Object;)Ljava/lang/Object; java.base@21.0.5 (15 bytes) @ 0x00007ff5ab2766ac [0x00007ff5ab2763e0+0x00000000000002cc]
j  java.lang.invoke.LambdaForm$MH+0x0000000100102800.invoke(Ljava/lang/Object;Ljava/lang/Object;Ljava/lang/Object;Ljava/lang/Object;)Ljava/lang/Object;+54 java.base@21.0.5
j  java.lang.invoke.LambdaForm$MH+0x0000000100102c00.invokeExact_MT(Ljava/lang/Object;Ljava/lang/Object;Ljava/lang/Object;Ljava/lang/Object;Ljava/lang/Object;)Ljava/lang/Object;+22 java.base@21.0.5
j  jdk.internal.reflect.DirectMethodHandleAccessor.invokeImpl(Ljava/lang/Object;[Ljava/lang/Object;)Ljava/lang/Object;+72 java.base@21.0.5
j  jdk.internal.reflect.DirectMethodHandleAccessor.invoke(Ljava/lang/Object;[Ljava/lang/Object;)Ljava/lang/Object;+23 java.base@21.0.5
j  java.lang.reflect.Method.invoke(Ljava/lang/Object;[Ljava/lang/Object;)Ljava/lang/Object;+102 java.base@21.0.5
j  org.jkiss.dbeaver.launcher.DBeaverLauncher.invokeFramework([Ljava/lang/String;[Ljava/net/URL;)V+201
j  org.jkiss.dbeaver.launcher.DBeaverLauncher.basicRun([Ljava/lang/String;)V+209
j  org.jkiss.dbeaver.launcher.DBeaverLauncher.run([Ljava/lang/String;)I+2
j  org.jkiss.dbeaver.launcher.DBeaverLauncher.main([Ljava/lang/String;)V+10
v  ~StubRoutines::call_stub 0x00007ff5b2617cc6

siginfo: si_signo: 11 (SIGSEGV), si_code: 128 (SI_KERNEL), si_addr: 0x0000000000000000

Registers:
RAX=0x00105460dc63c9a0, RBX=0x00007ff5c279b718, RCX=0x00007ff5c25f5936, RDX=0x0000000000000001
RSP=0x00007ff5c0ed1910, RBP=0x0000000000000001, RSI=0x0000000000000081, RDI=0x00007ff5c27a02e8
R8 =0x0000000000000007, R9 =0x00007ff5c279bbdf, R10=0x0000000000000000, R11=0x0000000000000246
R12=0x0000000000000000, R13=0x0000000000000040, R14=0x00007ff5c27a02e8, R15=0x000055a88d2c4dc0
RIP=0x00007ff5c25f5876, EFLAGS=0x0000000000010206, CSGSFS=0x002b000000000033, ERR=0x0000000000000000
  TRAPNO=0x000000000000000d


Register to memory mapping:

RAX=0x00105460dc63c9a0 is an unknown value
RBX=0x00007ff5c279b718: <offset 0x00000000001ec718> in /lib/x86_64-linux-gnu/libc.so.6 at 0x00007ff5c25af000
RCX=0x00007ff5c25f5936: <offset 0x0000000000046936> in /lib/x86_64-linux-gnu/libc.so.6 at 0x00007ff5c25af000
RDX=0x0000000000000001 is an unknown value
RSP=0x00007ff5c0ed1910 is pointing into the stack for thread: 0x00007ff5bc02ed90
RBP=0x0000000000000001 is an unknown value
RSI=0x0000000000000081 is an unknown value
RDI=0x00007ff5c27a02e8: <offset 0x00000000001f12e8> in /lib/x86_64-linux-gnu/libc.so.6 at 0x00007ff5c25af000
R8 =0x0000000000000007 is an unknown value
R9 =0x00007ff5c279bbdf: <offset 0x00000000001ecbdf> in /lib/x86_64-linux-gnu/libc.so.6 at 0x00007ff5c25af000
R10=0x0 is null
R11=0x0000000000000246 is an unknown value
R12=0x0 is null
R13=0x0000000000000040 is an unknown value
R14=0x00007ff5c27a02e8: <offset 0x00000000001f12e8> in /lib/x86_64-linux-gnu/libc.so.6 at 0x00007ff5c25af000
R15=0x000055a88d2c4dc0 points into unknown readable memory: 0x000055a88d2c57d0 | d0 57 2c 8d a8 55 00 00

Top of Stack: (sp=0x00007ff5c0ed1910)
0x00007ff5c0ed1910:   00007ff5bec29500 000000019843d6ae
0x00007ff5c0ed1920:   00007ff5c0ed1950 00007ff5bc3c9c60
0x00007ff5c0ed1930:   00007ff5bc38efb0 0000000000000000
0x00007ff5c0ed1940:   000000007fffffff 00007ff5c0ed19d8
0x00007ff5c0ed1950:   00007ff598aa1110 00007ff5c25f5a60
0x00007ff5c0ed1960:   0000000000000000 00007ff59844049c
0x00007ff5c0ed1970:   00007ff5bc38efb0 00007ff59843db4d
0x00007ff5c0ed1980:   00007ff5bc38efb0 00007ff59842f341
0x00007ff5c0ed1990:   000000007fffffff 00007ff5bc3cb370
0x00007ff5c0ed19a0:   0000000000000000 00007ff598aa1173
0x00007ff5c0ed19b0:   00007ff5bc3cb370 00007ff5c0ed19e0
0x00007ff5c0ed19c0:   0000000000000000 00007ff598678591
0x00007ff5c0ed19d0:   0000000000000000 00007ff5bc3c9c60
0x00007ff5c0ed19e0:   00007ff5bc3cb370 0000000000000001
0x00007ff5c0ed19f0:   00007ff5bc389620 00007ff5bc3c9c60
0x00007ff5c0ed1a00:   00007ff5c0ed1a68 2dadfa9e3b5dc700
0x00007ff5c0ed1a10:   00007ff5c0ed1a90 0000000000000015
0x00007ff5c0ed1a20:   00007ff5c0ed1aa0 0000000000000000
0x00007ff5c0ed1a30:   00000000c162d7a8 00007ff5c0ed1a90
0x00007ff5c0ed1a40:   00007ff5bc02ed90 00007ff554213e36
0x00007ff5c0ed1a50:   0000000000000003 00007ff5b324f1f5
0x00007ff5c0ed1a60:   00000000c07ac108 00000000c1709da0
0x00007ff5c0ed1a70:   00007ff5c0ed1ad0 00007ff55421ea2d
0x00007ff5c0ed1a80:   00000000c15c1f80 00000000c0a443a0
0x00007ff5c0ed1a90:   00000000c0a443a0 0000000000000001
0x00007ff5c0ed1aa0:   00000000c1709db8 00007ff5b3343738
0x00007ff5c0ed1ab0:   00000000c28f1310 0000000300000000
0x00007ff5c0ed1ac0:   00007ff5bc3cb370 00007ff500000000
0x00007ff5c0ed1ad0:   00000000c150bcc8 00000000c291bd80
0x00007ff5c0ed1ae0:   0000000000000000 00007ff5b32fc230
0x00007ff5c0ed1af0:   00007ff5c0ed1b20 00000000c0be3900
0x00007ff5c0ed1b00:   00000000c28f1310 0000000000000000 

Instructions: (pc=0x00007ff5c25f5876)
0x00007ff5c25f5776:   de 04 00 e9 53 ff ff ff 66 90 f3 0f 1e fa 48 8b
0x00007ff5c25f5786:   05 95 56 1a 00 8b 00 85 c0 75 0f e9 0a f7 ff ff
0x00007ff5c25f5796:   66 2e 0f 1f 84 00 00 00 00 00 31 c0 c3 66 2e 0f
0x00007ff5c25f57a6:   1f 84 00 00 00 00 00 0f 1f 00 f3 0f 1e fa 41 57
0x00007ff5c25f57b6:   41 56 41 55 41 54 55 89 fd 53 48 89 f3 48 83 ec
0x00007ff5c25f57c6:   18 89 54 24 0c 84 c9 0f 85 35 02 00 00 4c 8d 35
0x00007ff5c25f57d6:   0e ab 1a 00 45 31 e4 0f 1f 00 64 8b 04 25 18 00
0x00007ff5c25f57e6:   00 00 ba 01 00 00 00 85 c0 0f 85 cd 01 00 00 41
0x00007ff5c25f57f6:   0f b1 16 4c 8b 3b 4d 85 ff 75 3b e9 62 01 00 00
0x00007ff5c25f5806:   66 2e 0f 1f 84 00 00 00 00 00 48 83 fa 02 0f 84
0x00007ff5c25f5816:   b6 00 00 00 64 8b 04 25 18 00 00 00 ba 01 00 00
0x00007ff5c25f5826:   00 85 c0 0f 85 c1 00 00 00 41 0f b1 16 4c 39 2d
0x00007ff5c25f5836:   a6 aa 1a 00 75 bd 49 8b 47 08 48 85 c0 0f 84 f7
0x00007ff5c25f5846:   00 00 00 4c 8d 48 ff 4c 8b 2d 8c aa 1a 00 4d 89
0x00007ff5c25f5856:   4f 08 64 8b 04 25 18 00 00 00 85 c0 0f 85 a8 00
0x00007ff5c25f5866:   00 00 41 83 2e 01 4c 89 c8 48 c1 e0 05 4c 01 f8
0x00007ff5c25f5876:   48 8b 50 10 48 83 fa 03 74 30 48 83 fa 04 75 8a
0x00007ff5c25f5886:   48 8b 50 18 48 8b 78 20 48 c7 40 10 00 00 00 00
0x00007ff5c25f5896:   89 ee 48 c1 ca 11 64 48 33 14 25 30 00 00 00 ff
0x00007ff5c25f58a6:   d2 e9 6e ff ff ff 0f 1f 40 00 48 8b 40 18 48 c1
0x00007ff5c25f58b6:   c8 11 64 48 33 04 25 30 00 00 00 ff d0 e9 52 ff
0x00007ff5c25f58c6:   ff ff 0f 1f 84 00 00 00 00 00 48 8b 50 18 48 8b
0x00007ff5c25f58d6:   70 20 89 ef 48 c1 ca 11 64 48 33 14 25 30 00 00
0x00007ff5c25f58e6:   00 ff d2 e9 2c ff ff ff 66 90 44 89 e0 f0 41 0f
0x00007ff5c25f58f6:   b1 16 0f 84 35 ff ff ff 4c 89 f7 e8 9a dc 04 00
0x00007ff5c25f5906:   e9 28 ff ff ff 0f 1f 44 00 00 44 89 e0 41 87 06
0x00007ff5c25f5916:   83 f8 01 0f 8e 4d ff ff ff 45 31 d2 ba 01 00 00
0x00007ff5c25f5926:   00 be 81 00 00 00 4c 89 f7 b8 ca 00 00 00 0f 05
0x00007ff5c25f5936:   e9 31 ff ff ff 0f 1f 44 00 00 49 8b 07 48 89 03
0x00007ff5c25f5946:   48 85 c0 74 08 4c 89 ff e8 dd b9 fd ff 64 8b 04
0x00007ff5c25f5956:   25 18 00 00 00 85 c0 75 7e 41 83 2e 01 e9 78 fe
0x00007ff5c25f5966:   ff ff c6 05 1d 73 1a 00 01 64 8b 04 25 18 00 00 


Stack slot to memory mapping:

stack at sp + 0 slots: 0x00007ff5bec29500 points into unknown readable memory: 0x00007ff5bec294e0 | e0 94 c2 be f5 7f 00 00
stack at sp + 1 slots: 0x000000019843d6ae is an unknown value
stack at sp + 2 slots: 0x00007ff5c0ed1950 is pointing into the stack for thread: 0x00007ff5bc02ed90
stack at sp + 3 slots: 0x00007ff5bc3c9c60 points into unknown readable memory: 0x0000000000000000 | 00 00 00 00 00 00 00 00
stack at sp + 4 slots: 0x00007ff5bc38efb0 points into unknown readable memory: 0x0000000000000000 | 00 00 00 00 00 00 00 00
stack at sp + 5 slots: 0x0 is null
stack at sp + 6 slots: 0x000000007fffffff is an unknown value
stack at sp + 7 slots: 0x00007ff5c0ed19d8 is pointing into the stack for thread: 0x00007ff5bc02ed90


Compiled method (n/a) 1225798 10243     n 0       org.eclipse.swt.internal.gtk.OS::g_main_context_check (native)
 total in heap  [0x00007ff5b324ef90,0x00007ff5b324f310] = 896
 relocation     [0x00007ff5b324f0e8,0x00007ff5b324f120] = 56
 main code      [0x00007ff5b324f120,0x00007ff5b324f306] = 486
 stub code      [0x00007ff5b324f306,0x00007ff5b324f308] = 2
 oops           [0x00007ff5b324f308,0x00007ff5b324f310] = 8

[Constant Pool (empty)]

[MachCode]
[Entry Point]
  # {method} {0x00007ff5896cc220} 'g_main_context_check' '(JIJI)I' in 'org/eclipse/swt/internal/gtk/OS'
  # parm0:    rsi:rsi   = long
  # parm1:    rdx       = int
  # parm2:    rcx:rcx   = long
  # parm3:    r8        = int
  #           [sp+0x50]  (sp of caller)
  0x00007ff5b324f120: 448b 5608 | 49c1 e203 | 493b c20f | 8407 0000 

  0x00007ff5b324f130: ;   {runtime_call ic_miss_stub}
  0x00007ff5b324f130: 00e9 4a5f | 41ff 6690 
[Verified Entry Point]
  0x00007ff5b324f138: 8984 2400 | c0fe ff55 | 488b ec48 | 83ec 4090 | 4181 7f20 | 1100 0000 

  0x00007ff5b324f150: ;   {runtime_call StubRoutines (final stubs)}
  0x00007ff5b324f150: 7405 e8c9 | c23f ff4d | 8bc8 4c8b | c148 8bca 

  0x00007ff5b324f160: ;   {oop(a 'java/lang/Class'{0x00000000c0a443a0} = 'org/eclipse/swt/internal/gtk/OS')}
  0x00007ff5b324f160: 488b d649 | bea0 43a4 | c000 0000 | 004c 8974 | 2430 4c8d | 7424 3049 | 8bf6 c5f8 

  0x00007ff5b324f17c: ;   {internal_word}
  0x00007ff5b324f17c: 7749 ba7a | f124 b3f5 | 7f00 004d | 8997 a003 | 0000 4989 | a798 0300 

  0x00007ff5b324f194: ;   {external_word}
  0x00007ff5b324f194: 0080 3dd1 | ce30 0f00 | 0f84 3c00 | 0000 5652 | 5141 5041 

  0x00007ff5b324f1a8: ;   {metadata({method} {0x00007ff5896cc220} 'g_main_context_check' '(JIJI)I' in 'org/eclipse/swt/internal/gtk/OS')}
  0x00007ff5b324f1a8: 5148 be20 | c26c 89f5 | 7f00 0049 | 8bff 40f6 | c40f 0f84 | 1200 0000 | 4883 ec08 